<?xml version="1.0" encoding="UTF-8"?>
<!-- Generated by org.testng.reporters.JUnitXMLReporter -->
<testsuite ignored="2" hostname="LAPTOP-21UHU9NB" failures="0" tests="2" name="Test" time="0.048" errors="0" timestamp="2022-11-09T13:37:36 IST">
  <testcase classname="vTiger.contact.Create_contact" name="createContactWithLeadSource" time="0.009"/>
  <testcase classname="vTiger.contact.Create_contact" name="createContactWithLeadSourceAndOrg" time="0.001"/>
  <testcase classname="vTiger.contact.Create_contact" name="createContactWithDemoTest" time="0.0">
    <ignored/>
  </testcase> <!-- createContactWithDemoTest -->
  <testcase classname="vTiger.contact.Create_contact" name="createContact" time="0.0">
    <ignored/>
  </testcase> <!-- createContact -->
</testsuite> <!-- Test -->
