<?xml version="1.0" encoding="UTF-8"?>
<testng-results ignored="0" total="1" passed="1" failed="0" skipped="0">
  <reporter-output>
  </reporter-output>
  <suite started-at="2022-11-17T23:53:58 IST" name="Default suite" finished-at="2022-11-17T23:53:58 IST" duration-ms="41">
    <groups>
    </groups>
    <test started-at="2022-11-17T23:53:58 IST" name="Default test" finished-at="2022-11-17T23:53:58 IST" duration-ms="41">
      <class name="vtigerPractive.ReadDataFromCMDLineTest">
        <test-method signature="readData()[pri:0, instance:vtigerPractive.ReadDataFromCMDLineTest@16ec5519]" started-at="2022-11-17T23:53:58 IST" name="readData" finished-at="2022-11-17T23:53:58 IST" duration-ms="10" status="PASS">
          <reporter-output>
          </reporter-output>
        </test-method> <!-- readData -->
      </class> <!-- vtigerPractive.ReadDataFromCMDLineTest -->
    </test> <!-- Default test -->
  </suite> <!-- Default suite -->
</testng-results>
